<?xml version="1.0" encoding="UTF-8"?>
<testng-results ignored="0" total="2" passed="2" failed="0" skipped="0">
  <reporter-output>
  </reporter-output>
  <suite started-at="2024-05-02T15:23:48 IST" name="Suite" finished-at="2024-05-02T15:24:43 IST" duration-ms="54937">
    <groups>
      <group name="regression">
        <method signature="TC001_AccountRegistrationTest.Verify_Account_Registration()[pri:0, instance:testcases.TC001_AccountRegistrationTest@4b8ee4de]" name="Verify_Account_Registration" class="testcases.TC001_AccountRegistrationTest"/>
        <method signature="TC_002_LoginTest.verify_login()[pri:0, instance:testcases.TC_002_LoginTest@428640fa]" name="verify_login" class="testcases.TC_002_LoginTest"/>
      </group> <!-- regression -->
      <group name="sanity">
        <method signature="TC_002_LoginTest.verify_login()[pri:0, instance:testcases.TC_002_LoginTest@428640fa]" name="verify_login" class="testcases.TC_002_LoginTest"/>
      </group> <!-- sanity -->
      <group name="master">
        <method signature="TC001_AccountRegistrationTest.Verify_Account_Registration()[pri:0, instance:testcases.TC001_AccountRegistrationTest@4b8ee4de]" name="Verify_Account_Registration" class="testcases.TC001_AccountRegistrationTest"/>
      </group> <!-- master -->
    </groups>
    <test started-at="2024-05-02T15:23:48 IST" name="Test" finished-at="2024-05-02T15:24:43 IST" duration-ms="54937">
      <class name="testcases.TC001_AccountRegistrationTest">
        <test-method is-config="true" signature="setup()[pri:0, instance:testcases.TC001_AccountRegistrationTest@4b8ee4de]" started-at="2024-05-02T15:23:48 IST" name="setup" finished-at="2024-05-02T15:23:58 IST" duration-ms="10125" status="PASS">
          <reporter-output>
          </reporter-output>
        </test-method> <!-- setup -->
        <test-method signature="Verify_Account_Registration()[pri:0, instance:testcases.TC001_AccountRegistrationTest@4b8ee4de]" started-at="2024-05-02T15:23:58 IST" name="Verify_Account_Registration" finished-at="2024-05-02T15:24:12 IST" duration-ms="13391" status="PASS">
          <reporter-output>
          </reporter-output>
        </test-method> <!-- Verify_Account_Registration -->
        <test-method is-config="true" signature="tearDown()[pri:0, instance:testcases.TC001_AccountRegistrationTest@4b8ee4de]" started-at="2024-05-02T15:24:12 IST" name="tearDown" finished-at="2024-05-02T15:24:13 IST" duration-ms="798" status="PASS">
          <reporter-output>
          </reporter-output>
        </test-method> <!-- tearDown -->
      </class> <!-- testcases.TC001_AccountRegistrationTest -->
      <class name="testcases.TC_002_LoginTest">
        <test-method is-config="true" signature="setup()[pri:0, instance:testcases.TC_002_LoginTest@428640fa]" started-at="2024-05-02T15:24:13 IST" name="setup" finished-at="2024-05-02T15:24:20 IST" duration-ms="7518" status="PASS">
          <reporter-output>
          </reporter-output>
        </test-method> <!-- setup -->
        <test-method signature="verify_login()[pri:0, instance:testcases.TC_002_LoginTest@428640fa]" started-at="2024-05-02T15:24:20 IST" name="verify_login" finished-at="2024-05-02T15:24:41 IST" duration-ms="20996" status="PASS">
          <reporter-output>
          </reporter-output>
        </test-method> <!-- verify_login -->
        <test-method is-config="true" signature="tearDown()[pri:0, instance:testcases.TC_002_LoginTest@428640fa]" started-at="2024-05-02T15:24:41 IST" name="tearDown" finished-at="2024-05-02T15:24:43 IST" duration-ms="1591" status="PASS">
          <reporter-output>
          </reporter-output>
        </test-method> <!-- tearDown -->
      </class> <!-- testcases.TC_002_LoginTest -->
    </test> <!-- Test -->
  </suite> <!-- Suite -->
</testng-results>
